============================== Prover9 ===============================
Prover9 (64) version 2009-11A, November 2009.
Process 19530 was started by stefanhetzl on zei,
Fri Apr 19 17:41:16 2013
The command was "prover9".
============================== end of head ===========================

============================== INPUT =================================

formulas(sos).
x = x.
f(x,e) = x.
f(e,x) = x.
f(x,x) = e.
f(f(x,y),z) = f(x,f(y,z)).
f(a,b) != f(b,a).
end_of_list.

============================== end of input ==========================

============================== PROCESS NON-CLAUSAL FORMULAS ==========

% Formulas that are not ordinary clauses:

============================== end of process non-clausal formulas ===

============================== PROCESS INITIAL CLAUSES ===============

% Clauses before input processing:

formulas(usable).
end_of_list.

formulas(sos).
x = x.  [assumption].
f(x,e) = x.  [assumption].
f(e,x) = x.  [assumption].
f(x,x) = e.  [assumption].
f(f(x,y),z) = f(x,f(y,z)).  [assumption].
f(a,b) != f(b,a).  [assumption].
end_of_list.

formulas(demodulators).
end_of_list.

============================== PREDICATE ELIMINATION =================

No predicates eliminated.

============================== end predicate elimination =============

Auto_denials:  (no changes).

Term ordering decisions:
Predicate symbol precedence:  predicate_order([ = ]).
Function symbol precedence:  function_order([ e, a, b, f ]).
After inverse_order:  (no changes).
Unfolding symbols: (none).

Auto_inference settings:
  % set(paramodulation).  % (positive equality literals)

Auto_process settings:  (no changes).

kept:      1 f(x,e) = x.  [assumption].
kept:      2 f(e,x) = x.  [assumption].
kept:      3 f(x,x) = e.  [assumption].
kept:      4 f(f(x,y),z) = f(x,f(y,z)).  [assumption].
           5 f(a,b) != f(b,a).  [assumption].
kept:      6 f(b,a) != f(a,b).  [copy(5),flip(a)].

============================== end of process initial clauses ========

============================== CLAUSES FOR SEARCH ====================

% Clauses after input processing:

formulas(usable).
end_of_list.

formulas(sos).
1 f(x,e) = x.  [assumption].
2 f(e,x) = x.  [assumption].
3 f(x,x) = e.  [assumption].
4 f(f(x,y),z) = f(x,f(y,z)).  [assumption].
6 f(b,a) != f(a,b).  [copy(5),flip(a)].
end_of_list.

formulas(demodulators).
1 f(x,e) = x.  [assumption].
2 f(e,x) = x.  [assumption].
3 f(x,x) = e.  [assumption].
4 f(f(x,y),z) = f(x,f(y,z)).  [assumption].
end_of_list.

============================== end of clauses for search =============

============================== SEARCH ================================

% Starting search at 0.00 seconds.

given #1 (I,wt=5): 1 f(x,e) = x.  [assumption].

given #2 (I,wt=5): 2 f(e,x) = x.  [assumption].

given #3 (I,wt=5): 3 f(x,x) = e.  [assumption].

given #4 (I,wt=11): 4 f(f(x,y),z) = f(x,f(y,z)).  [assumption].

given #5 (I,wt=7): 6 f(b,a) != f(a,b).  [copy(5),flip(a)].

given #6 (A,wt=9): 7 f(x,f(y,f(x,y))) = e.  [para(4(a,1),3(a,1))].

given #7 (T,wt=7): 8 f(x,f(x,y)) = y.  [para(3(a,1),4(a,1,1)),rewrite([2(2)]),flip(a)].

given #8 (T,wt=7): 11 f(x,f(y,x)) = y.  [para(7(a,1),8(a,1,2)),rewrite([1(2)]),flip(a)].

% Operation f is commutative; C redundancy checks enabled.

============================== PROOF =================================

% Proof 1 at 0.00 (+ 0.00) seconds.
% Length of proof is 11.
% Level of proof is 4.
% Maximum clause weight is 11.000.
% Given clauses 8.

1 f(x,e) = x.  [assumption].
2 f(e,x) = x.  [assumption].
3 f(x,x) = e.  [assumption].
4 f(f(x,y),z) = f(x,f(y,z)).  [assumption].
5 f(a,b) != f(b,a).  [assumption].
6 f(b,a) != f(a,b).  [copy(5),flip(a)].
7 f(x,f(y,f(x,y))) = e.  [para(4(a,1),3(a,1))].
8 f(x,f(x,y)) = y.  [para(3(a,1),4(a,1,1)),rewrite([2(2)]),flip(a)].
11 f(x,f(y,x)) = y.  [para(7(a,1),8(a,1,2)),rewrite([1(2)]),flip(a)].
15 f(x,y) = f(y,x).  [para(11(a,1),8(a,1,2))].
16 $F.  [resolve(15,a,6,a)].

============================== end of proof ==========================

============================== STATISTICS ============================

Given=8. Generated=70. Kept=14. proofs=1.
Usable=7. Sos=2. Demods=11. Limbo=3, Disabled=7. Hints=0.
Kept_by_rule=0, Deleted_by_rule=0.
Forward_subsumed=56. Back_subsumed=0.
Sos_limit_deleted=0. Sos_displaced=0. Sos_removed=0.
New_demodulators=12 (0 lex), Back_demodulated=1. Back_unit_deleted=0.
Demod_attempts=418. Demod_rewrites=89.
Res_instance_prunes=0. Para_instance_prunes=0. Basic_paramod_prunes=0.
Nonunit_fsub_feature_tests=0. Nonunit_bsub_feature_tests=0.
Megabytes=0.05.
User_CPU=0.00, System_CPU=0.00, Wall_clock=0.

============================== end of statistics =====================

============================== end of search =========================

THEOREM PROVED

Exiting with 1 proof.

Process 19530 exit (max_proofs) Fri Apr 19 17:41:16 2013
