============================== Prover9 ===============================
Prover9 (64) version 2009-11A, November 2009.
Process 15420 was started by stefanhetzl on zei,
Fri Apr 19 16:38:27 2013
The command was "prover9".
============================== end of head ===========================

============================== INPUT =================================
set(prolog_style_variables).

formulas(assumptions).
tptp2(tptp2(A,B),C) = tptp2(A,tptp2(B,C)) # label(sos) # label(axiom).
tptp2(A,tptp3) = A # label(sos) # label(axiom).
tptp2(A,tptp4(A)) = tptp3 # label(sos) # label(axiom).
tptp2(A,B) = tptp2(B,A) # label(sos) # label(axiom).
tptp1(tptp1(A,B),C) = tptp1(A,tptp1(B,C)) # label(sos) # label(axiom).
tptp1(A,tptp2(B,C)) = tptp2(tptp1(A,B),tptp1(A,C)) # label(sos) # label(axiom).
tptp1(tptp2(A,B),C) = tptp2(tptp1(A,C),tptp1(B,C)) # label(sos) # label(axiom).
tptp1(A,tptp0) = A # label(sos) # label(axiom).
tptp1(c,A) != c | A = tptp0 # label(sos) # label(axiom).
end_of_list.

formulas(goals).
(all X0 tptp1(tptp0,X0) = X0) # label(goals) # label(conjecture).
end_of_list.

============================== end of input ==========================

============================== PROCESS NON-CLAUSAL FORMULAS ==========

% Formulas that are not ordinary clauses:
1 (all X0 tptp1(tptp0,X0) = X0) # label(goals) # label(conjecture) # label(non_clause) # label(goal).  [goal].

============================== end of process non-clausal formulas ===

============================== PROCESS INITIAL CLAUSES ===============

% Clauses before input processing:

formulas(usable).
end_of_list.

formulas(sos).
tptp2(tptp2(A,B),C) = tptp2(A,tptp2(B,C)) # label(sos) # label(axiom).  [assumption].
tptp2(A,tptp3) = A # label(sos) # label(axiom).  [assumption].
tptp2(A,tptp4(A)) = tptp3 # label(sos) # label(axiom).  [assumption].
tptp2(A,B) = tptp2(B,A) # label(sos) # label(axiom).  [assumption].
tptp1(tptp1(A,B),C) = tptp1(A,tptp1(B,C)) # label(sos) # label(axiom).  [assumption].
tptp1(A,tptp2(B,C)) = tptp2(tptp1(A,B),tptp1(A,C)) # label(sos) # label(axiom).  [assumption].
tptp1(tptp2(A,B),C) = tptp2(tptp1(A,C),tptp1(B,C)) # label(sos) # label(axiom).  [assumption].
tptp1(A,tptp0) = A # label(sos) # label(axiom).  [assumption].
tptp1(c,A) != c | A = tptp0 # label(sos) # label(axiom).  [assumption].
tptp1(tptp0,c1) != c1 # label(goals) # label(conjecture).  [deny(1)].
end_of_list.

formulas(demodulators).
end_of_list.

============================== PREDICATE ELIMINATION =================

No predicates eliminated.

============================== end predicate elimination =============

Auto_denials:
  % copying label goals to answer in negative clause

Term ordering decisions:
Predicate symbol precedence:  predicate_order([ = ]).
Function symbol precedence:  function_order([ c, tptp0, tptp3, c1, tptp1, tptp2, tptp4 ]).
After inverse_order: Function symbol precedence:  function_order([ c, tptp0, tptp3, c1, tptp2, tptp4, tptp1 ]).
Unfolding symbols: (none).

Auto_inference settings:
  % set(paramodulation).  % (positive equality literals)
  % set(hyper_resolution).  % (nonunit Horn with equality)
    % set(hyper_resolution) -> set(pos_hyper_resolution).
  % set(neg_ur_resolution).  % (nonunit Horn with equality)
  % assign(para_lit_limit, 2).  % (nonunit Horn with equality)

Auto_process settings:  (no changes).

kept:      2 tptp2(tptp2(A,B),C) = tptp2(A,tptp2(B,C)) # label(sos) # label(axiom).  [assumption].
kept:      3 tptp2(A,tptp3) = A # label(sos) # label(axiom).  [assumption].
kept:      4 tptp2(A,tptp4(A)) = tptp3 # label(sos) # label(axiom).  [assumption].

% Operation tptp2 is commutative; C redundancy checks enabled.
kept:      5 tptp2(A,B) = tptp2(B,A) # label(sos) # label(axiom).  [assumption].
kept:      6 tptp1(tptp1(A,B),C) = tptp1(A,tptp1(B,C)) # label(sos) # label(axiom).  [assumption].
kept:      7 tptp1(A,tptp2(B,C)) = tptp2(tptp1(A,B),tptp1(A,C)) # label(sos) # label(axiom).  [assumption].
kept:      8 tptp1(tptp2(A,B),C) = tptp2(tptp1(A,C),tptp1(B,C)) # label(sos) # label(axiom).  [assumption].
kept:      9 tptp1(A,tptp0) = A # label(sos) # label(axiom).  [assumption].
           10 tptp1(c,A) != c | A = tptp0 # label(sos) # label(axiom).  [assumption].
kept:      11 tptp1(c,A) != c | tptp0 = A.  [copy(10),flip(b)].
kept:      12 tptp1(tptp0,c1) != c1 # label(goals) # label(conjecture) # answer(goals).  [deny(1)].

============================== end of process initial clauses ========

============================== CLAUSES FOR SEARCH ====================

% Clauses after input processing:

formulas(usable).
end_of_list.

formulas(sos).
2 tptp2(tptp2(A,B),C) = tptp2(A,tptp2(B,C)) # label(sos) # label(axiom).  [assumption].
3 tptp2(A,tptp3) = A # label(sos) # label(axiom).  [assumption].
4 tptp2(A,tptp4(A)) = tptp3 # label(sos) # label(axiom).  [assumption].
5 tptp2(A,B) = tptp2(B,A) # label(sos) # label(axiom).  [assumption].
6 tptp1(tptp1(A,B),C) = tptp1(A,tptp1(B,C)) # label(sos) # label(axiom).  [assumption].
7 tptp1(A,tptp2(B,C)) = tptp2(tptp1(A,B),tptp1(A,C)) # label(sos) # label(axiom).  [assumption].
8 tptp1(tptp2(A,B),C) = tptp2(tptp1(A,C),tptp1(B,C)) # label(sos) # label(axiom).  [assumption].
9 tptp1(A,tptp0) = A # label(sos) # label(axiom).  [assumption].
11 tptp1(c,A) != c | tptp0 = A.  [copy(10),flip(b)].
12 tptp1(tptp0,c1) != c1 # label(goals) # label(conjecture) # answer(goals).  [deny(1)].
end_of_list.

formulas(demodulators).
2 tptp2(tptp2(A,B),C) = tptp2(A,tptp2(B,C)) # label(sos) # label(axiom).  [assumption].
3 tptp2(A,tptp3) = A # label(sos) # label(axiom).  [assumption].
4 tptp2(A,tptp4(A)) = tptp3 # label(sos) # label(axiom).  [assumption].
5 tptp2(A,B) = tptp2(B,A) # label(sos) # label(axiom).  [assumption].
        % (lex-dep)
6 tptp1(tptp1(A,B),C) = tptp1(A,tptp1(B,C)) # label(sos) # label(axiom).  [assumption].
7 tptp1(A,tptp2(B,C)) = tptp2(tptp1(A,B),tptp1(A,C)) # label(sos) # label(axiom).  [assumption].
8 tptp1(tptp2(A,B),C) = tptp2(tptp1(A,C),tptp1(B,C)) # label(sos) # label(axiom).  [assumption].
9 tptp1(A,tptp0) = A # label(sos) # label(axiom).  [assumption].
end_of_list.

============================== end of clauses for search =============

============================== SEARCH ================================

% Starting search at 0.00 seconds.

given #1 (I,wt=11): 2 tptp2(tptp2(A,B),C) = tptp2(A,tptp2(B,C)) # label(sos) # label(axiom).  [assumption].

given #2 (I,wt=5): 3 tptp2(A,tptp3) = A # label(sos) # label(axiom).  [assumption].

given #3 (I,wt=6): 4 tptp2(A,tptp4(A)) = tptp3 # label(sos) # label(axiom).  [assumption].

given #4 (I,wt=7): 5 tptp2(A,B) = tptp2(B,A) # label(sos) # label(axiom).  [assumption].

% Operation tptp2 is associative-commutative; CAC redundancy checks enabled.

given #5 (I,wt=11): 6 tptp1(tptp1(A,B),C) = tptp1(A,tptp1(B,C)) # label(sos) # label(axiom).  [assumption].

given #6 (I,wt=13): 7 tptp1(A,tptp2(B,C)) = tptp2(tptp1(A,B),tptp1(A,C)) # label(sos) # label(axiom).  [assumption].

given #7 (I,wt=13): 8 tptp1(tptp2(A,B),C) = tptp2(tptp1(A,C),tptp1(B,C)) # label(sos) # label(axiom).  [assumption].

given #8 (I,wt=5): 9 tptp1(A,tptp0) = A # label(sos) # label(axiom).  [assumption].

given #9 (I,wt=8): 11 tptp1(c,A) != c | tptp0 = A.  [copy(10),flip(b)].

given #10 (I,wt=5): 12 tptp1(tptp0,c1) != c1 # label(goals) # label(conjecture) # answer(goals).  [deny(1)].

given #11 (A,wt=10): 16 tptp2(A,tptp2(B,tptp4(tptp2(A,B)))) = tptp3.  [para(4(a,1),2(a,1)),flip(a)].

given #12 (T,wt=4): 28 tptp4(tptp3) = tptp3.  [para(4(a,1),16(a,1,2,2,1)),rewrite([19(5)])].

given #13 (T,wt=5): 18 tptp2(tptp3,A) = A.  [para(5(a,1),3(a,1))].

given #14 (T,wt=8): 19 tptp2(A,tptp2(tptp4(A),B)) = B.  [back_rewrite(15),rewrite([18(5)])].

given #15 (T,wt=5): 34 tptp4(tptp4(A)) = A.  [para(4(a,1),19(a,1,2)),rewrite([3(2)]),flip(a)].

given #16 (A,wt=11): 17 tptp2(A,tptp2(B,C)) = tptp2(B,tptp2(A,C)).  [para(5(a,1),2(a,1,1)),rewrite([2(2)])].

given #17 (T,wt=8): 35 tptp2(A,tptp2(B,tptp4(A))) = B.  [para(5(a,1),19(a,1,2))].

given #18 (T,wt=8): 46 tptp2(tptp4(A),tptp2(B,A)) = B.  [para(34(a,1),35(a,1,2,2))].

given #19 (T,wt=9): 24 tptp1(A,tptp1(tptp0,B)) = tptp1(A,B).  [para(9(a,1),6(a,1,1)),flip(a)].

given #20 (T,wt=9): 38 tptp2(A,tptp4(tptp2(tptp4(B),A))) = B.  [para(16(a,1),19(a,1,2)),rewrite([3(2)]),flip(a)].

given #21 (A,wt=11): 20 tptp2(tptp1(A,B),tptp1(A,tptp3)) = tptp1(A,B).  [para(3(a,1),7(a,1,2)),flip(a)].

given #22 (T,wt=7): 68 tptp2(A,tptp1(A,tptp3)) = A.  [para(9(a,1),20(a,1,1)),rewrite([9(5)])].

given #23 (T,wt=5): 75 tptp1(tptp3,tptp3) = tptp3.  [para(68(a,1),18(a,1)),flip(a)].

given #24 (T,wt=6): 76 tptp1(tptp4(A),tptp3) = tptp3.  [para(68(a,1),19(a,1,2)),rewrite([4(2)]),flip(a)].

given #25 (T,wt=5): 81 tptp1(A,tptp3) = tptp3.  [para(34(a,1),76(a,1,1))].

given #26 (A,wt=11): 22 tptp2(tptp1(A,B),tptp1(tptp3,B)) = tptp1(A,B).  [para(3(a,1),8(a,1,1)),flip(a)].

given #27 (T,wt=6): 85 tptp3 != c | tptp3 = tptp0.  [para(81(a,1),11(a,1)),flip(b)].

given #28 (T,wt=9): 54 tptp2(A,tptp4(tptp2(A,B))) = tptp4(B).  [para(46(a,1),46(a,1,2)),rewrite([5(3)])].

given #29 (T,wt=6): 100 tptp4(tptp1(tptp3,A)) = tptp3.  [para(22(a,1),54(a,1,2,1)),rewrite([4(4)]),flip(a)].

given #30 (T,wt=5): 101 tptp1(tptp3,A) = tptp3.  [para(100(a,1),4(a,1,2)),rewrite([5(4),18(4)])].

given #31 (A,wt=14): 25 tptp2(tptp1(c,A),tptp1(c,B)) != c | tptp2(A,B) = tptp0.  [para(7(a,1),11(a,1)),flip(b)].

given #32 (T,wt=10): 55 tptp1(c,A) != c | tptp1(tptp0,A) = tptp0.  [para(24(a,1),11(a,1)),flip(b)].

given #33 (T,wt=10): 83 tptp2(tptp1(A,B),tptp1(A,tptp4(B))) = tptp3.  [back_rewrite(21),rewrite([81(6)])].

given #34 (T,wt=8): 114 tptp2(A,tptp1(A,tptp4(tptp0))) = tptp3.  [para(9(a,1),83(a,1,1))].

given #35 (T,wt=7): 122 tptp1(tptp4(A),tptp4(tptp0)) = A.  [para(114(a,1),19(a,1,2)),rewrite([3(2)]),flip(a)].

given #36 (A,wt=16): 37 tptp2(tptp1(A,B),tptp2(tptp1(tptp4(A),B),tptp1(C,B))) = tptp1(C,B).  [para(19(a,1),8(a,1,1)),rewrite([8(5)]),flip(a)].

given #37 (T,wt=7): 125 tptp1(A,tptp4(tptp0)) = tptp4(A).  [para(34(a,1),122(a,1,1))].

given #38 (T,wt=8): 135 tptp4(c) != c | tptp4(tptp0) = tptp0.  [para(125(a,1),11(a,1)),flip(b)].

given #39 (T,wt=9): 132 tptp4(tptp1(tptp4(A),B)) = tptp1(A,B).  [para(37(a,1),46(a,1,2)),rewrite([99(5),5(8),19(8)])].

given #40 (T,wt=9): 134 tptp1(A,tptp4(B)) = tptp4(tptp1(A,B)).  [para(125(a,1),6(a,1)),rewrite([125(5)]),flip(a)].

given #41 (A,wt=12): 41 tptp2(A,tptp2(B,tptp2(tptp4(A),C))) = tptp2(B,C).  [para(17(a,1),19(a,1,2))].

given #42 (T,wt=9): 139 tptp1(tptp4(A),B) = tptp4(tptp1(A,B)).  [para(132(a,1),34(a,1,1)),flip(a)].

given #43 (T,wt=10): 99 tptp4(tptp2(A,B)) = tptp2(tptp4(B),tptp4(A)).  [para(46(a,1),54(a,1,2,1)),flip(a)].

given #44 (T,wt=10): 140 tptp4(tptp1(c,A)) != c | tptp4(A) = tptp0.  [para(134(a,1),11(a,1)),flip(b)].

given #45 (T,wt=12): 43 tptp2(A,tptp2(B,tptp2(C,tptp4(A)))) = tptp2(B,C).  [para(2(a,1),35(a,1,2))].

given #46 (A,wt=12): 47 tptp2(tptp4(A),tptp2(B,tptp2(A,C))) = tptp2(B,C).  [para(46(a,1),2(a,1,1)),rewrite([2(4)]),flip(a)].

given #47 (T,wt=12): 48 tptp2(tptp4(A),tptp2(B,tptp2(C,A))) = tptp2(B,C).  [para(2(a,1),46(a,1,2))].

given #48 (T,wt=12): 105 tptp2(c,tptp1(c,A)) != c | tptp2(tptp0,A) = tptp0.  [para(9(a,1),25(a,1,1))].

given #49 (T,wt=10): 150 tptp2(c,c) != c | tptp2(tptp0,tptp0) = tptp0.  [para(9(a,1),105(a,1,2))].

given #50 (T,wt=12): 106 tptp2(c,tptp1(c,A)) != c | tptp2(A,tptp0) = tptp0.  [para(9(a,1),25(a,1,2)),rewrite([5(4)])].

given #51 (A,wt=14): 103 tptp2(tptp1(c,A),tptp1(c,B)) != c | tptp2(B,A) = tptp0.  [para(5(a,1),25(a,1))].

given #52 (T,wt=12): 143 tptp4(tptp1(c,A)) != c | tptp4(tptp1(tptp0,A)) = tptp0.  [para(134(a,1),55(a,1)),rewrite([134(8)])].

given #53 (T,wt=14): 136 tptp2(tptp4(c),tptp1(c,A)) != c | tptp2(tptp4(tptp0),A) = tptp0.  [para(125(a,1),25(a,1,1))].

given #54 (T,wt=14): 137 tptp2(tptp4(c),tptp1(c,A)) != c | tptp2(A,tptp4(tptp0)) = tptp0.  [para(125(a,1),25(a,1,2)),rewrite([5(5)])].

given #55 (T,wt=14): 151 tptp2(c,tptp1(c,A)) != c | tptp2(tptp0,tptp1(tptp0,A)) = tptp0.  [para(24(a,1),105(a,1,2))].

given #56 (A,wt=20): 104 tptp2(tptp1(c,A),tptp2(tptp1(c,B),tptp1(c,C))) != c | tptp2(A,tptp2(B,C)) = tptp0.  [para(7(a,1),25(a,1,1)),rewrite([2(8),2(12)])].

given #57 (T,wt=14): 152 tptp2(c,tptp4(tptp1(c,A))) != c | tptp2(tptp0,tptp4(A)) = tptp0.  [para(134(a,1),105(a,1,2))].

given #58 (T,wt=16): 107 tptp2(tptp1(c,A),tptp1(c,B)) != c | tptp2(tptp1(tptp0,A),B) = tptp0.  [para(24(a,1),25(a,1,1))].

given #59 (T,wt=16): 108 tptp2(tptp1(c,A),tptp1(c,B)) != c | tptp2(A,tptp1(tptp0,B)) = tptp0.  [para(24(a,1),25(a,1,2))].

given #60 (T,wt=16): 141 tptp2(tptp4(tptp1(c,A)),tptp1(c,B)) != c | tptp2(tptp4(A),B) = tptp0.  [para(134(a,1),25(a,1,1))].

given #61 (A,wt=18): 109 tptp2(tptp1(c,A),tptp1(c,B)) != c | tptp2(tptp1(tptp0,A),tptp1(tptp0,B)) = tptp0.  [para(7(a,1),55(a,1)),rewrite([7(10)])].

given #62 (T,wt=16): 142 tptp2(tptp1(c,A),tptp4(tptp1(c,B))) != c | tptp2(A,tptp4(B)) = tptp0.  [para(134(a,1),25(a,1,2))].

given #63 (T,wt=16): 144 tptp2(A,tptp2(B,tptp2(C,tptp2(tptp4(A),D)))) = tptp2(B,tptp2(C,D)).  [para(2(a,1),41(a,1,2)),rewrite([2(7)])].

given #64 (T,wt=16): 146 tptp2(A,tptp2(B,tptp2(C,tptp2(D,tptp4(A))))) = tptp2(B,tptp2(C,D)).  [para(2(a,1),43(a,1,2,2))].

given #65 (T,wt=16): 147 tptp2(tptp4(A),tptp2(B,tptp2(C,tptp2(A,D)))) = tptp2(B,tptp2(C,D)).  [para(2(a,1),47(a,1,2)),rewrite([2(7)])].

given #66 (A,wt=18): 145 tptp2(tptp4(tptp1(c,A)),tptp4(tptp1(c,B))) != c | tptp2(tptp4(A),tptp4(B)) = tptp0.  [para(7(a,1),140(a,1,1)),rewrite([99(6),99(11)])].

given #67 (T,wt=16): 148 tptp2(tptp4(A),tptp2(B,tptp2(C,tptp2(D,A)))) = tptp2(B,tptp2(C,D)).  [para(2(a,1),48(a,1,2,2))].

given #68 (T,wt=16): 155 tptp2(tptp1(c,A),tptp1(c,B)) != c | tptp2(B,tptp1(tptp0,A)) = tptp0.  [para(24(a,1),103(a,1,1))].

given #69 (T,wt=16): 156 tptp2(tptp1(c,A),tptp1(c,B)) != c | tptp2(tptp1(tptp0,B),A) = tptp0.  [para(24(a,1),103(a,1,2))].

given #70 (T,wt=16): 157 tptp2(tptp4(tptp1(c,A)),tptp1(c,B)) != c | tptp2(B,tptp4(A)) = tptp0.  [para(134(a,1),103(a,1,1))].

given #71 (A,wt=18): 149 tptp2(c,tptp2(tptp1(c,A),tptp1(c,B))) != c | tptp2(tptp0,tptp2(A,B)) = tptp0.  [para(7(a,1),105(a,1,2))].

given #72 (T,wt=16): 158 tptp2(tptp1(c,A),tptp4(tptp1(c,B))) != c | tptp2(tptp4(B),A) = tptp0.  [para(134(a,1),103(a,1,2))].

given #73 (T,wt=16): 161 tptp2(tptp4(c),tptp1(c,A)) != c | tptp2(tptp4(tptp0),tptp1(tptp0,A)) = tptp0.  [para(24(a,1),136(a,1,2))].

given #74 (T,wt=16): 162 tptp2(tptp4(c),tptp4(tptp1(c,A))) != c | tptp2(tptp4(tptp0),tptp4(A)) = tptp0.  [para(134(a,1),136(a,1,2))].

given #75 (T,wt=14): 222 tptp2(tptp4(c),tptp4(c)) != c | tptp2(tptp4(tptp0),tptp4(tptp0)) = tptp0.  [para(9(a,1),162(a,1,2,1))].

given #76 (A,wt=20): 153 tptp2(tptp1(c,A),tptp2(tptp1(c,B),tptp1(c,C))) != c | tptp2(C,tptp2(A,B)) = tptp0.  [para(7(a,1),103(a,1,1)),rewrite([2(8)])].

given #77 (T,wt=16): 164 tptp2(tptp4(c),tptp4(tptp1(c,A))) != c | tptp2(tptp4(A),tptp4(tptp0)) = tptp0.  [para(134(a,1),137(a,1,2))].

given #78 (T,wt=16): 166 tptp2(c,tptp4(tptp1(c,A))) != c | tptp2(tptp0,tptp4(tptp1(tptp0,A))) = tptp0.  [para(134(a,1),151(a,1,2)),rewrite([134(11)])].

given #79 (T,wt=16): 211 tptp2(c,tptp2(c,tptp1(c,A))) != c | tptp2(tptp0,tptp2(tptp0,A)) = tptp0.  [para(9(a,1),149(a,1,2,1))].

given #80 (T,wt=14): 235 tptp2(c,tptp2(c,c)) != c | tptp2(tptp0,tptp2(tptp0,tptp0)) = tptp0.  [para(9(a,1),211(a,1,2,2))].

given #81 (A,wt=20): 154 tptp2(tptp1(c,A),tptp2(tptp1(c,B),tptp1(c,C))) != c | tptp2(B,tptp2(C,A)) = tptp0.  [para(7(a,1),103(a,1,2)),rewrite([2(12)])].

given #82 (T,wt=16): 212 tptp2(c,tptp2(c,tptp1(c,A))) != c | tptp2(tptp0,tptp2(A,tptp0)) = tptp0.  [para(9(a,1),149(a,1,2,2)),rewrite([5(5)])].

given #83 (T,wt=18): 169 tptp2(c,tptp2(tptp1(c,A),tptp1(c,B))) != c | tptp2(A,tptp2(tptp0,B)) = tptp0.  [para(9(a,1),104(a,1,2,1)),rewrite([17(7)])].

given #84 (T,wt=16): 244 tptp2(c,tptp2(c,tptp1(c,A))) != c | tptp2(A,tptp2(tptp0,tptp0)) = tptp0.  [para(9(a,1),169(a,1,2,2)),rewrite([5(5)])].

given #85 (T,wt=18): 170 tptp2(c,tptp2(tptp1(c,A),tptp1(c,B))) != c | tptp2(A,tptp2(B,tptp0)) = tptp0.  [para(9(a,1),104(a,1,2,2)),rewrite([5(6),17(7)])].

given #86 (A,wt=22): 159 tptp2(tptp4(tptp1(c,A)),tptp4(tptp1(c,B))) != c | tptp2(tptp4(tptp1(tptp0,A)),tptp4(tptp1(tptp0,B))) = tptp0.  [para(7(a,1),143(a,1,1)),rewrite([99(6),7(12),99(15)])].

given #87 (T,wt=18): 180 tptp2(tptp4(tptp1(c,A)),tptp1(c,B)) != c | tptp2(tptp4(tptp1(tptp0,A)),B) = tptp0.  [para(134(a,1),107(a,1,1)),rewrite([134(11)])].

given #88 (T,wt=18): 181 tptp2(tptp1(c,A),tptp4(tptp1(c,B))) != c | tptp2(tptp1(tptp0,A),tptp4(B)) = tptp0.  [para(134(a,1),107(a,1,2))].

given #89 (T,wt=11): 254 tptp3 != c | tptp2(tptp4(A),tptp1(tptp0,A)) = tptp0.  [para(4(a,1),181(a,1)),rewrite([5(7)])].

given #90 (T,wt=18): 183 tptp2(tptp4(tptp1(c,A)),tptp1(c,B)) != c | tptp2(tptp4(A),tptp1(tptp0,B)) = tptp0.  [para(134(a,1),108(a,1,1))].

given #91 (A,wt=20): 160 tptp2(tptp4(c),tptp2(tptp1(c,A),tptp1(c,B))) != c | tptp2(tptp4(tptp0),tptp2(A,B)) = tptp0.  [para(7(a,1),136(a,1,2))].

given #92 (T,wt=18): 184 tptp2(tptp1(c,A),tptp4(tptp1(c,B))) != c | tptp2(A,tptp4(tptp1(tptp0,B))) = tptp0.  [para(134(a,1),108(a,1,2)),rewrite([134(11)])].

given #93 (T,wt=11): 265 tptp3 != c | tptp2(A,tptp4(tptp1(tptp0,A))) = tptp0.  [para(4(a,1),184(a,1))].

given #94 (T,wt=18): 186 tptp2(tptp1(c,A),tptp1(c,B)) != c | tptp2(tptp1(tptp0,B),tptp1(tptp0,A)) = tptp0.  [para(5(a,1),109(a,1))].

given #95 (T,wt=18): 194 tptp2(tptp4(tptp1(c,A)),tptp4(tptp1(c,B))) != c | tptp2(tptp4(B),tptp4(A)) = tptp0.  [para(5(a,1),145(a,1))].

given #96 (A,wt=20): 163 tptp2(tptp4(c),tptp2(tptp1(c,A),tptp1(c,B))) != c | tptp2(A,tptp2(B,tptp4(tptp0))) = tptp0.  [para(7(a,1),137(a,1,2)),rewrite([2(14)])].

given #97 (T,wt=18): 201 tptp2(tptp4(tptp1(c,A)),tptp1(c,B)) != c | tptp2(B,tptp4(tptp1(tptp0,A))) = tptp0.  [para(134(a,1),155(a,1,1)),rewrite([134(11)])].

given #98 (T,wt=18): 202 tptp2(tptp1(c,A),tptp4(tptp1(c,B))) != c | tptp2(tptp4(B),tptp1(tptp0,A)) = tptp0.  [para(134(a,1),155(a,1,2))].

given #99 (T,wt=18): 205 tptp2(tptp4(tptp1(c,A)),tptp1(c,B)) != c | tptp2(tptp1(tptp0,B),tptp4(A)) = tptp0.  [para(134(a,1),156(a,1,1))].

given #100 (T,wt=18): 206 tptp2(tptp1(c,A),tptp4(tptp1(c,B))) != c | tptp2(tptp4(tptp1(tptp0,B)),A) = tptp0.  [para(134(a,1),156(a,1,2)),rewrite([134(11)])].

given #101 (A,wt=22): 165 tptp2(c,tptp2(tptp1(c,A),tptp1(c,B))) != c | tptp2(tptp0,tptp2(tptp1(tptp0,A),tptp1(tptp0,B))) = tptp0.  [para(7(a,1),151(a,1,2)),rewrite([7(13)])].

given #102 (T,wt=18): 209 tptp2(c,tptp2(tptp1(c,A),tptp1(c,B))) != c | tptp2(tptp0,tptp2(B,A)) = tptp0.  [para(5(a,1),149(a,1,2))].

given #103 (T,wt=18): 220 tptp2(tptp4(c),tptp4(tptp1(c,A))) != c | tptp2(tptp4(tptp0),tptp4(tptp1(tptp0,A))) = tptp0.  [para(134(a,1),161(a,1,2)),rewrite([134(13)])].

given #104 (T,wt=18): 225 tptp2(c,tptp2(tptp1(c,A),tptp1(c,B))) != c | tptp2(B,tptp2(tptp0,A)) = tptp0.  [para(9(a,1),153(a,1,1))].

given #105 (T,wt=18): 226 tptp2(c,tptp2(tptp1(c,A),tptp1(c,B))) != c | tptp2(B,tptp2(A,tptp0)) = tptp0.  [para(9(a,1),153(a,1,2,1)),rewrite([17(7)])].

given #106 (A,wt=20): 167 tptp2(tptp1(c,A),tptp2(tptp1(c,B),tptp1(c,C))) != c | tptp2(A,tptp2(C,B)) = tptp0.  [para(5(a,1),104(a,1,2))].

given #107 (T,wt=18): 236 tptp2(c,tptp2(c,tptp1(c,A))) != c | tptp2(tptp0,tptp2(tptp0,tptp1(tptp0,A))) = tptp0.  [para(24(a,1),211(a,1,2,2))].

given #108 (T,wt=18): 237 tptp2(c,tptp2(c,tptp4(tptp1(c,A)))) != c | tptp2(tptp0,tptp2(tptp0,tptp4(A))) = tptp0.  [para(134(a,1),211(a,1,2,2))].

given #109 (T,wt=20): 171 tptp2(tptp1(c,A),tptp2(tptp1(c,B),tptp1(c,C))) != c | tptp2(B,tptp2(A,C)) = tptp0.  [para(17(a,1),104(a,1))].

given #110 (T,wt=20): 188 tptp2(tptp4(tptp1(c,A)),tptp1(c,B)) != c | tptp2(tptp4(tptp1(tptp0,A)),tptp1(tptp0,B)) = tptp0.  [para(134(a,1),109(a,1,1)),rewrite([134(11)])].

given #111 (A,wt=26): 168 tptp2(tptp1(c,A),tptp2(tptp1(c,B),tptp2(tptp1(c,C),tptp1(c,D)))) != c | tptp2(A,tptp2(B,tptp2(C,D))) = tptp0.  [para(7(a,1),104(a,1,1)),rewrite([2(11),2(16)])].

given #112 (T,wt=20): 189 tptp2(tptp1(c,A),tptp4(tptp1(c,B))) != c | tptp2(tptp1(tptp0,A),tptp4(tptp1(tptp0,B))) = tptp0.  [para(134(a,1),109(a,1,2)),rewrite([134(13)])].

given #113 (T,wt=20): 191 tptp2(A,tptp2(B,tptp2(C,tptp2(D,tptp2(tptp4(A),E))))) = tptp2(B,tptp2(C,tptp2(D,E))).  [para(2(a,1),144(a,1,2,2)),rewrite([2(8)])].

given #114 (T,wt=20): 192 tptp2(A,tptp2(B,tptp2(C,tptp2(D,tptp2(E,tptp4(A)))))) = tptp2(B,tptp2(C,tptp2(D,E))).  [para(2(a,1),146(a,1,2,2,2))].

given #115 (T,wt=20): 193 tptp2(tptp4(A),tptp2(B,tptp2(C,tptp2(D,tptp2(A,E))))) = tptp2(B,tptp2(C,tptp2(D,E))).  [para(2(a,1),147(a,1,2,2)),rewrite([2(8)])].

given #116 (A,wt=22): 172 tptp2(tptp1(c,A),tptp2(tptp1(c,B),tptp1(c,C))) != c | tptp2(tptp1(tptp0,A),tptp2(B,C)) = tptp0.  [para(24(a,1),104(a,1,1))].

given #117 (T,wt=20): 196 tptp2(tptp4(tptp1(c,A)),tptp4(tptp1(c,B))) != c | tptp2(tptp4(tptp1(tptp0,A)),tptp4(B)) = tptp0.  [para(24(a,1),145(a,1,1,1))].

given #118 (T,wt=20): 197 tptp2(tptp4(tptp1(c,A)),tptp4(tptp1(c,B))) != c | tptp2(tptp4(A),tptp4(tptp1(tptp0,B))) = tptp0.  [para(24(a,1),145(a,1,2,1))].

given #119 (T,wt=20): 198 tptp2(tptp4(A),tptp2(B,tptp2(C,tptp2(D,tptp2(E,A))))) = tptp2(B,tptp2(C,tptp2(D,E))).  [para(2(a,1),148(a,1,2,2,2))].

given #120 (T,wt=20): 213 tptp2(c,tptp2(tptp1(c,A),tptp1(c,B))) != c | tptp2(tptp0,tptp2(tptp1(tptp0,A),B)) = tptp0.  [para(24(a,1),149(a,1,2,1))].

given #121 (A,wt=22): 173 tptp2(tptp1(c,A),tptp2(tptp1(c,B),tptp1(c,C))) != c | tptp2(A,tptp2(tptp1(tptp0,B),C)) = tptp0.  [para(24(a,1),104(a,1,2,1))].

given #122 (T,wt=20): 214 tptp2(c,tptp2(tptp1(c,A),tptp1(c,B))) != c | tptp2(tptp0,tptp2(A,tptp1(tptp0,B))) = tptp0.  [para(24(a,1),149(a,1,2,2))].

given #123 (T,wt=20): 215 tptp2(c,tptp2(tptp4(tptp1(c,A)),tptp1(c,B))) != c | tptp2(tptp0,tptp2(tptp4(A),B)) = tptp0.  [para(134(a,1),149(a,1,2,1))].

given #124 (T,wt=20): 216 tptp2(c,tptp2(tptp1(c,A),tptp4(tptp1(c,B)))) != c | tptp2(tptp0,tptp2(A,tptp4(B))) = tptp0.  [para(134(a,1),149(a,1,2,2))].

given #125 (T,wt=20): 227 tptp2(tptp1(c,A),tptp2(tptp1(c,B),tptp1(c,C))) != c | tptp2(C,tptp2(B,A)) = tptp0.  [para(17(a,1),153(a,1))].

given #126 (A,wt=22): 174 tptp2(tptp1(c,A),tptp2(tptp1(c,B),tptp1(c,C))) != c | tptp2(A,tptp2(B,tptp1(tptp0,C))) = tptp0.  [para(24(a,1),104(a,1,2,2))].

given #127 (T,wt=20): 245 tptp2(c,tptp2(tptp1(c,A),tptp1(c,B))) != c | tptp2(A,tptp2(tptp0,tptp1(tptp0,B))) = tptp0.  [para(24(a,1),169(a,1,2,2))].

given #128 (T,wt=20): 246 tptp2(c,tptp2(tptp1(c,A),tptp4(tptp1(c,B)))) != c | tptp2(A,tptp2(tptp0,tptp4(B))) = tptp0.  [para(134(a,1),169(a,1,2,2))].

given #129 (T,wt=20): 248 tptp2(c,tptp2(tptp1(c,A),tptp1(c,B))) != c | tptp2(tptp1(tptp0,A),tptp2(B,tptp0)) = tptp0.  [para(24(a,1),170(a,1,2,1))].

given #130 (T,wt=20): 249 tptp2(c,tptp2(tptp4(tptp1(c,A)),tptp1(c,B))) != c | tptp2(tptp4(A),tptp2(B,tptp0)) = tptp0.  [para(134(a,1),170(a,1,2,1))].

given #131 (A,wt=22): 175 tptp2(tptp4(tptp1(c,A)),tptp2(tptp1(c,B),tptp1(c,C))) != c | tptp2(tptp4(A),tptp2(B,C)) = tptp0.  [para(134(a,1),104(a,1,1))].

given #132 (T,wt=20): 259 tptp2(tptp4(c),tptp2(tptp1(c,A),tptp1(c,B))) != c | tptp2(tptp4(tptp0),tptp2(B,A)) = tptp0.  [para(5(a,1),160(a,1,2))].

given #133 (T,wt=20): 270 tptp2(tptp4(tptp1(c,A)),tptp1(c,B)) != c | tptp2(tptp1(tptp0,B),tptp4(tptp1(tptp0,A))) = tptp0.  [para(134(a,1),186(a,1,1)),rewrite([134(13)])].

given #134 (T,wt=20): 271 tptp2(tptp1(c,A),tptp4(tptp1(c,B))) != c | tptp2(tptp4(tptp1(tptp0,B)),tptp1(tptp0,A)) = tptp0.  [para(134(a,1),186(a,1,2)),rewrite([134(11)])].

given #135 (T,wt=20): 274 tptp2(tptp4(tptp1(c,A)),tptp4(tptp1(c,B))) != c | tptp2(tptp4(B),tptp4(tptp1(tptp0,A))) = tptp0.  [para(24(a,1),194(a,1,1,1))].

given #136 (A,wt=22): 176 tptp2(tptp1(c,A),tptp2(tptp4(tptp1(c,B)),tptp1(c,C))) != c | tptp2(A,tptp2(tptp4(B),C)) = tptp0.  [para(134(a,1),104(a,1,2,1))].

given #137 (T,wt=20): 275 tptp2(tptp4(tptp1(c,A)),tptp4(tptp1(c,B))) != c | tptp2(tptp4(tptp1(tptp0,B)),tptp4(A)) = tptp0.  [para(24(a,1),194(a,1,2,1))].

given #138 (T,wt=20): 276 tptp2(tptp4(c),tptp2(tptp1(c,A),tptp1(c,B))) != c | tptp2(B,tptp2(A,tptp4(tptp0))) = tptp0.  [para(5(a,1),163(a,1,2))].

given #139 (T,wt=20): 296 tptp2(c,tptp2(tptp1(c,A),tptp1(c,B))) != c | tptp2(tptp0,tptp2(B,tptp1(tptp0,A))) = tptp0.  [para(24(a,1),209(a,1,2,1))].

given #140 (T,wt=20): 297 tptp2(c,tptp2(tptp1(c,A),tptp1(c,B))) != c | tptp2(tptp0,tptp2(tptp1(tptp0,B),A)) = tptp0.  [para(24(a,1),209(a,1,2,2))].

given #141 (A,wt=22): 177 tptp2(tptp1(c,A),tptp2(tptp1(c,B),tptp4(tptp1(c,C)))) != c | tptp2(A,tptp2(B,tptp4(C))) = tptp0.  [para(134(a,1),104(a,1,2,2))].

given #142 (T,wt=20): 298 tptp2(c,tptp2(tptp4(tptp1(c,A)),tptp1(c,B))) != c | tptp2(tptp0,tptp2(B,tptp4(A))) = tptp0.  [para(134(a,1),209(a,1,2,1))].

given #143 (T,wt=20): 299 tptp2(c,tptp2(tptp1(c,A),tptp4(tptp1(c,B)))) != c | tptp2(tptp0,tptp2(tptp4(B),A)) = tptp0.  [para(134(a,1),209(a,1,2,2))].

given #144 (T,wt=20): 302 tptp2(c,tptp2(tptp1(c,A),tptp1(c,B))) != c | tptp2(B,tptp2(tptp0,tptp1(tptp0,A))) = tptp0.  [para(24(a,1),225(a,1,2,1))].

given #145 (T,wt=20): 303 tptp2(c,tptp2(tptp4(tptp1(c,A)),tptp1(c,B))) != c | tptp2(B,tptp2(tptp0,tptp4(A))) = tptp0.  [para(134(a,1),225(a,1,2,1))].

given #146 (A,wt=22): 178 tptp2(c,tptp2(tptp4(tptp1(c,A)),tptp4(tptp1(c,B)))) != c | tptp2(tptp0,tptp2(tptp4(A),tptp4(B))) = tptp0.  [para(7(a,1),152(a,1,2,1)),rewrite([99(7),99(14)])].

given #147 (T,wt=20): 305 tptp2(c,tptp2(tptp1(c,A),tptp1(c,B))) != c | tptp2(tptp1(tptp0,B),tptp2(A,tptp0)) = tptp0.  [para(24(a,1),226(a,1,2,2))].

given #148 (T,wt=20): 306 tptp2(c,tptp2(tptp1(c,A),tptp4(tptp1(c,B)))) != c | tptp2(tptp4(B),tptp2(A,tptp0)) = tptp0.  [para(134(a,1),226(a,1,2,2))].

given #149 (T,wt=20): 317 tptp2(c,tptp2(c,tptp4(tptp1(c,A)))) != c | tptp2(tptp0,tptp2(tptp0,tptp4(tptp1(tptp0,A)))) = tptp0.  [para(134(a,1),236(a,1,2,2)),rewrite([134(14)])].

given #150 (T,wt=20): 406 tptp2(tptp4(c),tptp2(tptp1(c,A),tptp1(c,B))) != c | tptp2(A,tptp2(tptp4(tptp0),B)) = tptp0.  [para(9(a,1),176(a,1,2,1,1)),rewrite([17(8)])].

given #151 (A,wt=24): 179 tptp2(tptp1(c,A),tptp2(tptp1(c,B),tptp1(c,C))) != c | tptp2(tptp1(tptp0,A),tptp2(tptp1(tptp0,B),C)) = tptp0.  [para(7(a,1),107(a,1,1)),rewrite([2(8),7(13),2(16)])].

given #152 (T,wt=20): 439 tptp2(tptp4(c),tptp2(tptp1(c,A),tptp1(c,B))) != c | tptp2(B,tptp2(tptp4(tptp0),A)) = tptp0.  [para(5(a,1),406(a,1,2))].

given #153 (T,wt=22): 200 tptp2(tptp1(c,A),tptp2(tptp1(c,B),tptp1(c,C))) != c | tptp2(B,tptp2(C,tptp1(tptp0,A))) = tptp0.  [para(7(a,1),155(a,1,2)),rewrite([2(14)])].

given #154 (T,wt=22): 203 tptp2(tptp1(c,A),tptp2(tptp1(c,B),tptp1(c,C))) != c | tptp2(tptp1(tptp0,C),tptp2(A,B)) = tptp0.  [para(7(a,1),156(a,1,1)),rewrite([2(8)])].

given #155 (T,wt=22): 208 tptp2(tptp4(tptp1(c,A)),tptp2(tptp1(c,B),tptp1(c,C))) != c | tptp2(B,tptp2(C,tptp4(A))) = tptp0.  [para(7(a,1),157(a,1,2)),rewrite([2(14)])].

given #156 (A,wt=24): 182 tptp2(tptp1(c,A),tptp2(tptp1(c,B),tptp1(c,C))) != c | tptp2(A,tptp2(tptp1(tptp0,B),tptp1(tptp0,C))) = tptp0.  [para(7(a,1),108(a,1,2)),rewrite([7(13)])].

given #157 (T,wt=22): 217 tptp2(tptp1(c,A),tptp2(tptp1(c,B),tptp4(tptp1(c,C)))) != c | tptp2(tptp4(C),tptp2(A,B)) = tptp0.  [para(7(a,1),158(a,1,1)),rewrite([2(9)])].

given #158 (T,wt=22): 228 tptp2(tptp1(c,A),tptp2(tptp1(c,B),tptp1(c,C))) != c | tptp2(C,tptp2(tptp1(tptp0,A),B)) = tptp0.  [para(24(a,1),153(a,1,1))].

given #159 (T,wt=22): 229 tptp2(tptp1(c,A),tptp2(tptp1(c,B),tptp1(c,C))) != c | tptp2(C,tptp2(A,tptp1(tptp0,B))) = tptp0.  [para(24(a,1),153(a,1,2,1))].

given #160 (T,wt=22): 230 tptp2(tptp4(tptp1(c,A)),tptp2(tptp1(c,B),tptp1(c,C))) != c | tptp2(C,tptp2(tptp4(A),B)) = tptp0.  [para(134(a,1),153(a,1,1))].

given #161 (A,wt=24): 185 tptp2(tptp4(tptp1(c,A)),tptp2(tptp4(tptp1(c,B)),tptp1(c,C))) != c | tptp2(tptp4(A),tptp2(tptp4(B),C)) = tptp0.  [para(7(a,1),141(a,1,1,1)),rewrite([99(6),2(10),99(14),2(16)])].

given #162 (T,wt=22): 231 tptp2(tptp1(c,A),tptp2(tptp4(tptp1(c,B)),tptp1(c,C))) != c | tptp2(C,tptp2(A,tptp4(B))) = tptp0.  [para(134(a,1),153(a,1,2,1))].

given #163 (T,wt=22): 234 tptp2(c,tptp2(c,tptp2(tptp1(c,A),tptp1(c,B)))) != c | tptp2(tptp0,tptp2(tptp0,tptp2(A,B))) = tptp0.  [para(7(a,1),211(a,1,2,2))].

given #164 (T,wt=20): 505 tptp2(c,tptp2(c,tptp2(c,tptp1(c,A)))) != c | tptp2(tptp0,tptp2(tptp0,tptp2(tptp0,A))) = tptp0.  [para(9(a,1),234(a,1,2,2,1))].

given #165 (T,wt=18): 512 tptp2(c,tptp2(c,tptp2(c,c))) != c | tptp2(tptp0,tptp2(tptp0,tptp2(tptp0,tptp0))) = tptp0.  [para(9(a,1),505(a,1,2,2,2))].

given #166 (A,wt=26): 187 tptp2(tptp1(c,A),tptp2(tptp1(c,B),tptp1(c,C))) != c | tptp2(tptp1(tptp0,A),tptp2(tptp1(tptp0,B),tptp1(tptp0,C))) = tptp0.  [para(7(a,1),109(a,1,1)),rewrite([2(8),7(13),2(18)])].

given #167 (T,wt=20): 506 tptp2(c,tptp2(c,tptp2(c,tptp1(c,A)))) != c | tptp2(tptp0,tptp2(tptp0,tptp2(A,tptp0))) = tptp0.  [para(9(a,1),234(a,1,2,2,2)),rewrite([5(6)])].

given #168 (T,wt=22): 239 tptp2(tptp1(c,A),tptp2(tptp1(c,B),tptp1(c,C))) != c | tptp2(tptp1(tptp0,B),tptp2(C,A)) = tptp0.  [para(24(a,1),154(a,1,2,1))].

given #169 (T,wt=22): 240 tptp2(tptp1(c,A),tptp2(tptp1(c,B),tptp1(c,C))) != c | tptp2(B,tptp2(tptp1(tptp0,C),A)) = tptp0.  [para(24(a,1),154(a,1,2,2))].

given #170 (T,wt=22): 241 tptp2(tptp1(c,A),tptp2(tptp4(tptp1(c,B)),tptp1(c,C))) != c | tptp2(tptp4(B),tptp2(C,A)) = tptp0.  [para(134(a,1),154(a,1,2,1))].

given #171 (A,wt=24): 190 tptp2(tptp1(c,A),tptp2(tptp4(tptp1(c,B)),tptp4(tptp1(c,C)))) != c | tptp2(A,tptp2(tptp4(B),tptp4(C))) = tptp0.  [para(7(a,1),142(a,1,2,1)),rewrite([99(8),99(14)])].

given #172 (T,wt=22): 242 tptp2(tptp1(c,A),tptp2(tptp1(c,B),tptp4(tptp1(c,C)))) != c | tptp2(B,tptp2(tptp4(C),A)) = tptp0.  [para(134(a,1),154(a,1,2,2))].

given #173 (T,wt=22): 250 tptp2(tptp4(tptp1(c,A)),tptp4(tptp1(c,B))) != c | tptp2(tptp4(tptp1(tptp0,B)),tptp4(tptp1(tptp0,A))) = tptp0.  [para(5(a,1),159(a,1))].

given #174 (T,wt=22): 261 tptp2(tptp4(c),tptp2(tptp1(c,A),tptp1(c,B))) != c | tptp2(tptp4(tptp0),tptp2(tptp1(tptp0,A),B)) = tptp0.  [para(24(a,1),160(a,1,2,1))].

given #175 (T,wt=22): 262 tptp2(tptp4(c),tptp2(tptp1(c,A),tptp1(c,B))) != c | tptp2(tptp4(tptp0),tptp2(A,tptp1(tptp0,B))) = tptp0.  [para(24(a,1),160(a,1,2,2))].

given #176 (A,wt=26): 195 tptp2(tptp4(tptp1(c,A)),tptp2(tptp4(tptp1(c,B)),tptp4(tptp1(c,C)))) != c | tptp2(tptp4(A),tptp2(tptp4(B),tptp4(C))) = tptp0.  [para(7(a,1),145(a,1,1,1)),rewrite([99(6),2(11),99(15),2(18)])].

given #177 (T,wt=22): 263 tptp2(tptp4(c),tptp2(tptp4(tptp1(c,A)),tptp1(c,B))) != c | tptp2(tptp4(tptp0),tptp2(tptp4(A),B)) = tptp0.  [para(134(a,1),160(a,1,2,1))].

given #178 (T,wt=20): 557 tptp2(tptp4(c),tptp2(tptp4(c),tptp1(c,A))) != c | tptp2(tptp4(tptp0),tptp2(tptp4(tptp0),A)) = tptp0.  [para(9(a,1),263(a,1,2,1,1))].

given #179 (T,wt=22): 264 tptp2(tptp4(c),tptp2(tptp1(c,A),tptp4(tptp1(c,B)))) != c | tptp2(tptp4(tptp0),tptp2(A,tptp4(B))) = tptp0.  [para(134(a,1),160(a,1,2,2))].

given #180 (T,wt=20): 563 tptp2(tptp4(c),tptp2(tptp4(c),tptp1(c,A))) != c | tptp2(tptp4(tptp0),tptp2(A,tptp4(tptp0))) = tptp0.  [para(9(a,1),264(a,1,2,2,1)),rewrite([5(7)])].

given #181 (A,wt=24): 199 tptp2(tptp1(c,A),tptp2(tptp1(c,B),tptp1(c,C))) != c | tptp2(C,tptp2(tptp1(tptp0,A),tptp1(tptp0,B))) = tptp0.  [para(7(a,1),155(a,1,1)),rewrite([2(8),7(13)])].

given #182 (T,wt=22): 278 tptp2(tptp4(c),tptp2(tptp1(c,A),tptp1(c,B))) != c | tptp2(tptp1(tptp0,A),tptp2(B,tptp4(tptp0))) = tptp0.  [para(24(a,1),163(a,1,2,1))].

given #183 (T,wt=22): 279 tptp2(tptp4(c),tptp2(tptp1(c,A),tptp1(c,B))) != c | tptp2(A,tptp2(tptp4(tptp0),tptp1(tptp0,B))) = tptp0.  [para(24(a,1),163(a,1,2,2)),rewrite([5(15)])].

given #184 (T,wt=22): 280 tptp2(tptp4(c),tptp2(tptp4(tptp1(c,A)),tptp1(c,B))) != c | tptp2(tptp4(A),tptp2(B,tptp4(tptp0))) = tptp0.  [para(134(a,1),163(a,1,2,1))].

given #185 (T,wt=22): 281 tptp2(tptp4(c),tptp2(tptp1(c,A),tptp4(tptp1(c,B)))) != c | tptp2(A,tptp2(tptp4(B),tptp4(tptp0))) = tptp0.  [para(134(a,1),163(a,1,2,2))].

given #186 (A,wt=24): 204 tptp2(tptp1(c,A),tptp2(tptp1(c,B),tptp1(c,C))) != c | tptp2(tptp1(tptp0,B),tptp2(tptp1(tptp0,C),A)) = tptp0.  [para(7(a,1),156(a,1,2)),rewrite([7(13),2(16)])].

given #187 (T,wt=20): 582 tptp2(tptp4(c),tptp2(tptp4(c),tptp1(c,A))) != c | tptp2(A,tptp2(tptp4(tptp0),tptp4(tptp0))) = tptp0.  [para(9(a,1),281(a,1,2,2,1)),rewrite([5(7)])].

given #188 (T,wt=22): 290 tptp2(c,tptp2(tptp1(c,A),tptp1(c,B))) != c | tptp2(tptp0,tptp2(tptp1(tptp0,B),tptp1(tptp0,A))) = tptp0.  [para(5(a,1),165(a,1,2))].

given #189 (T,wt=22): 310 tptp2(tptp1(c,A),tptp2(tptp1(c,B),tptp1(c,C))) != c | tptp2(tptp1(tptp0,A),tptp2(C,B)) = tptp0.  [para(24(a,1),167(a,1,1))].

given #190 (T,wt=22): 311 tptp2(tptp1(c,A),tptp2(tptp1(c,B),tptp1(c,C))) != c | tptp2(A,tptp2(C,tptp1(tptp0,B))) = tptp0.  [para(24(a,1),167(a,1,2,1))].

given #191 (A,wt=24): 207 tptp2(tptp4(tptp1(c,A)),tptp2(tptp4(tptp1(c,B)),tptp1(c,C))) != c | tptp2(C,tptp2(tptp4(A),tptp4(B))) = tptp0.  [para(7(a,1),157(a,1,1,1)),rewrite([99(6),2(10),99(14)])].

given #192 (T,wt=22): 312 tptp2(tptp1(c,A),tptp2(tptp1(c,B),tptp1(c,C))) != c | tptp2(A,tptp2(tptp1(tptp0,C),B)) = tptp0.  [para(24(a,1),167(a,1,2,2))].

given #193 (T,wt=22): 313 tptp2(tptp4(tptp1(c,A)),tptp2(tptp1(c,B),tptp1(c,C))) != c | tptp2(tptp4(A),tptp2(C,B)) = tptp0.  [para(134(a,1),167(a,1,1))].

given #194 (T,wt=22): 314 tptp2(tptp1(c,A),tptp2(tptp4(tptp1(c,B)),tptp1(c,C))) != c | tptp2(A,tptp2(C,tptp4(B))) = tptp0.  [para(134(a,1),167(a,1,2,1))].

given #195 (T,wt=22): 315 tptp2(tptp1(c,A),tptp2(tptp1(c,B),tptp4(tptp1(c,C)))) != c | tptp2(A,tptp2(tptp4(C),B)) = tptp0.  [para(134(a,1),167(a,1,2,2))].

given #196 (A,wt=24): 210 tptp2(c,tptp2(tptp1(c,A),tptp2(tptp1(c,B),tptp1(c,C)))) != c | tptp2(tptp0,tptp2(A,tptp2(B,C))) = tptp0.  [para(7(a,1),149(a,1,2,1)),rewrite([2(9),2(15)])].

given #197 (T,wt=22): 322 tptp2(tptp1(c,A),tptp2(tptp1(c,B),tptp1(c,C))) != c | tptp2(B,tptp2(tptp1(tptp0,A),C)) = tptp0.  [para(24(a,1),171(a,1,1))].

given #198 (T,wt=22): 323 tptp2(tptp1(c,A),tptp2(tptp1(c,B),tptp1(c,C))) != c | tptp2(tptp1(tptp0,B),tptp2(A,C)) = tptp0.  [para(24(a,1),171(a,1,2,1))].

given #199 (T,wt=22): 324 tptp2(tptp1(c,A),tptp2(tptp1(c,B),tptp1(c,C))) != c | tptp2(B,tptp2(A,tptp1(tptp0,C))) = tptp0.  [para(24(a,1),171(a,1,2,2))].

given #200 (T,wt=22): 325 tptp2(tptp4(tptp1(c,A)),tptp2(tptp1(c,B),tptp1(c,C))) != c | tptp2(B,tptp2(tptp4(A),C)) = tptp0.  [para(134(a,1),171(a,1,1))].

given #201 (A,wt=24): 218 tptp2(tptp1(c,A),tptp2(tptp4(tptp1(c,B)),tptp4(tptp1(c,C)))) != c | tptp2(tptp4(B),tptp2(tptp4(C),A)) = tptp0.  [para(7(a,1),158(a,1,2,1)),rewrite([99(8),99(14),2(16)])].

given #202 (T,wt=22): 326 tptp2(tptp1(c,A),tptp2(tptp4(tptp1(c,B)),tptp1(c,C))) != c | tptp2(tptp4(B),tptp2(A,C)) = tptp0.  [para(134(a,1),171(a,1,2,1))].

given #203 (T,wt=22): 327 tptp2(tptp1(c,A),tptp2(tptp1(c,B),tptp4(tptp1(c,C)))) != c | tptp2(B,tptp2(A,tptp4(C))) = tptp0.  [para(134(a,1),171(a,1,2,2))].

given #204 (T,wt=22): 359 tptp2(c,tptp2(tptp4(tptp1(c,A)),tptp1(c,B))) != c | tptp2(tptp0,tptp2(tptp4(tptp1(tptp0,A)),B)) = tptp0.  [para(134(a,1),213(a,1,2,1)),rewrite([134(14)])].

given #205 (T,wt=22): 360 tptp2(c,tptp2(tptp1(c,A),tptp4(tptp1(c,B)))) != c | tptp2(tptp0,tptp2(tptp1(tptp0,A),tptp4(B))) = tptp0.  [para(134(a,1),213(a,1,2,2))].

given #206 (A,wt=24): 219 tptp2(tptp4(c),tptp2(tptp1(c,A),tptp1(c,B))) != c | tptp2(tptp4(tptp0),tptp2(tptp1(tptp0,A),tptp1(tptp0,B))) = tptp0.  [para(7(a,1),161(a,1,2)),rewrite([7(15)])].

given #207 (T,wt=10): 668 tptp2(tptp0,tptp2(tptp4(A),tptp1(tptp0,A))) = tptp0.  [para(4(a,1),360(a,1,2)),rewrite([3(3),5(8)]),xx(a)].

given #208 (T,wt=9): 680 tptp2(tptp0,tptp1(tptp0,A)) = tptp2(A,tptp0).  [para(668(a,1),41(a,1,2)),flip(a)].

given #209 (T,wt=9): 693 tptp2(A,tptp1(tptp0,B)) = tptp2(A,B).  [para(680(a,1),47(a,1,2,2)),rewrite([48(6)]),flip(a)].

============================== PROOF =================================

% Proof 1 at 0.08 (+ 0.00) seconds: goals.
% Length of proof is 42.
% Level of proof is 15.
% Maximum clause weight is 22.000.
% Given clauses 209.

1 (all X0 tptp1(tptp0,X0) = X0) # label(goals) # label(conjecture) # label(non_clause) # label(goal).  [goal].
2 tptp2(tptp2(A,B),C) = tptp2(A,tptp2(B,C)) # label(sos) # label(axiom).  [assumption].
3 tptp2(A,tptp3) = A # label(sos) # label(axiom).  [assumption].
4 tptp2(A,tptp4(A)) = tptp3 # label(sos) # label(axiom).  [assumption].
5 tptp2(A,B) = tptp2(B,A) # label(sos) # label(axiom).  [assumption].
6 tptp1(tptp1(A,B),C) = tptp1(A,tptp1(B,C)) # label(sos) # label(axiom).  [assumption].
7 tptp1(A,tptp2(B,C)) = tptp2(tptp1(A,B),tptp1(A,C)) # label(sos) # label(axiom).  [assumption].
9 tptp1(A,tptp0) = A # label(sos) # label(axiom).  [assumption].
10 tptp1(c,A) != c | A = tptp0 # label(sos) # label(axiom).  [assumption].
11 tptp1(c,A) != c | tptp0 = A.  [copy(10),flip(b)].
12 tptp1(tptp0,c1) != c1 # label(goals) # label(conjecture) # answer(goals).  [deny(1)].
15 tptp2(A,tptp2(tptp4(A),B)) = tptp2(tptp3,B).  [para(4(a,1),2(a,1,1)),flip(a)].
17 tptp2(A,tptp2(B,C)) = tptp2(B,tptp2(A,C)).  [para(5(a,1),2(a,1,1)),rewrite([2(2)])].
18 tptp2(tptp3,A) = A.  [para(5(a,1),3(a,1))].
19 tptp2(A,tptp2(tptp4(A),B)) = B.  [back_rewrite(15),rewrite([18(5)])].
20 tptp2(tptp1(A,B),tptp1(A,tptp3)) = tptp1(A,B).  [para(3(a,1),7(a,1,2)),flip(a)].
21 tptp2(tptp1(A,B),tptp1(A,tptp4(B))) = tptp1(A,tptp3).  [para(4(a,1),7(a,1,2)),flip(a)].
24 tptp1(A,tptp1(tptp0,B)) = tptp1(A,B).  [para(9(a,1),6(a,1,1)),flip(a)].
25 tptp2(tptp1(c,A),tptp1(c,B)) != c | tptp2(A,B) = tptp0.  [para(7(a,1),11(a,1)),flip(b)].
34 tptp4(tptp4(A)) = A.  [para(4(a,1),19(a,1,2)),rewrite([3(2)]),flip(a)].
35 tptp2(A,tptp2(B,tptp4(A))) = B.  [para(5(a,1),19(a,1,2))].
41 tptp2(A,tptp2(B,tptp2(tptp4(A),C))) = tptp2(B,C).  [para(17(a,1),19(a,1,2))].
46 tptp2(tptp4(A),tptp2(B,A)) = B.  [para(34(a,1),35(a,1,2,2))].
47 tptp2(tptp4(A),tptp2(B,tptp2(A,C))) = tptp2(B,C).  [para(46(a,1),2(a,1,1)),rewrite([2(4)]),flip(a)].
48 tptp2(tptp4(A),tptp2(B,tptp2(C,A))) = tptp2(B,C).  [para(2(a,1),46(a,1,2))].
68 tptp2(A,tptp1(A,tptp3)) = A.  [para(9(a,1),20(a,1,1)),rewrite([9(5)])].
76 tptp1(tptp4(A),tptp3) = tptp3.  [para(68(a,1),19(a,1,2)),rewrite([4(2)]),flip(a)].
81 tptp1(A,tptp3) = tptp3.  [para(34(a,1),76(a,1,1))].
83 tptp2(tptp1(A,B),tptp1(A,tptp4(B))) = tptp3.  [back_rewrite(21),rewrite([81(6)])].
105 tptp2(c,tptp1(c,A)) != c | tptp2(tptp0,A) = tptp0.  [para(9(a,1),25(a,1,1))].
114 tptp2(A,tptp1(A,tptp4(tptp0))) = tptp3.  [para(9(a,1),83(a,1,1))].
122 tptp1(tptp4(A),tptp4(tptp0)) = A.  [para(114(a,1),19(a,1,2)),rewrite([3(2)]),flip(a)].
125 tptp1(A,tptp4(tptp0)) = tptp4(A).  [para(34(a,1),122(a,1,1))].
134 tptp1(A,tptp4(B)) = tptp4(tptp1(A,B)).  [para(125(a,1),6(a,1)),rewrite([125(5)]),flip(a)].
149 tptp2(c,tptp2(tptp1(c,A),tptp1(c,B))) != c | tptp2(tptp0,tptp2(A,B)) = tptp0.  [para(7(a,1),105(a,1,2))].
213 tptp2(c,tptp2(tptp1(c,A),tptp1(c,B))) != c | tptp2(tptp0,tptp2(tptp1(tptp0,A),B)) = tptp0.  [para(24(a,1),149(a,1,2,1))].
360 tptp2(c,tptp2(tptp1(c,A),tptp4(tptp1(c,B)))) != c | tptp2(tptp0,tptp2(tptp1(tptp0,A),tptp4(B))) = tptp0.  [para(134(a,1),213(a,1,2,2))].
668 tptp2(tptp0,tptp2(tptp4(A),tptp1(tptp0,A))) = tptp0.  [para(4(a,1),360(a,1,2)),rewrite([3(3),5(8)]),xx(a)].
680 tptp2(tptp0,tptp1(tptp0,A)) = tptp2(A,tptp0).  [para(668(a,1),41(a,1,2)),flip(a)].
693 tptp2(A,tptp1(tptp0,B)) = tptp2(A,B).  [para(680(a,1),47(a,1,2,2)),rewrite([48(6)]),flip(a)].
711 tptp1(tptp0,A) = A.  [para(693(a,1),18(a,1)),rewrite([18(2)]),flip(a)].
712 $F # answer(goals).  [resolve(711,a,12,a)].

============================== end of proof ==========================

============================== STATISTICS ============================

Given=209. Generated=4388. Kept=709. proofs=1.
Usable=157. Sos=316. Demods=55. Limbo=3, Disabled=242. Hints=0.
Kept_by_rule=0, Deleted_by_rule=0.
Forward_subsumed=3679. Back_subsumed=12.
Sos_limit_deleted=0. Sos_displaced=0. Sos_removed=0.
New_demodulators=157 (2 lex), Back_demodulated=220. Back_unit_deleted=0.
Demod_attempts=70100. Demod_rewrites=8969.
Res_instance_prunes=0. Para_instance_prunes=0. Basic_paramod_prunes=0.
Nonunit_fsub_feature_tests=74317. Nonunit_bsub_feature_tests=9652.
Megabytes=1.29.
User_CPU=0.08, System_CPU=0.00, Wall_clock=0.

============================== end of statistics =====================

============================== end of search =========================

THEOREM PROVED

Exiting with 1 proof.

Process 15420 exit (max_proofs) Fri Apr 19 16:38:27 2013
